<?xml version="1.0" encoding="UTF-8"?>
<testsuite name="com.camoes.designpatterns.FactoryMethodPatternTests" tests="3" skipped="0" failures="0" errors="0" timestamp="2020-03-26T19:18:01" hostname="Besta-Do-Trabalho" time="0.016">
  <properties/>
  <testcase name="ferengiStartClosed" classname="com.camoes.designpatterns.FactoryMethodPatternTests" time="0.011"/>
  <testcase name="ferengiAlreadyOpened" classname="com.camoes.designpatterns.FactoryMethodPatternTests" time="0.0"/>
  <testcase name="romulan" classname="com.camoes.designpatterns.FactoryMethodPatternTests" time="0.003"/>
  <system-out><![CDATA[]]></system-out>
  <system-err><![CDATA[]]></system-err>
</testsuite>
