<?xml version="1.0" encoding="UTF-8"?>
<testsuite name="com.camoes.designpatterns.StrategyPatternTests" tests="4" skipped="0" failures="0" errors="0" timestamp="2020-03-26T19:18:02" hostname="Besta-Do-Trabalho" time="0.004">
  <properties/>
  <testcase name="impatientStrategy" classname="com.camoes.designpatterns.StrategyPatternTests" time="0.0"/>
  <testcase name="smartStrategyStartClosed" classname="com.camoes.designpatterns.StrategyPatternTests" time="0.001"/>
  <testcase name="smartStrategyStartOpened" classname="com.camoes.designpatterns.StrategyPatternTests" time="0.001"/>
  <testcase name="orderStringRecipe" classname="com.camoes.designpatterns.StrategyPatternTests" time="0.001"/>
  <system-out><![CDATA[]]></system-out>
  <system-err><![CDATA[]]></system-err>
</testsuite>
