<?xml version="1.0" encoding="UTF-8"?>
<testsuite name="com.camoes.designpatterns.CommandPatternTests" tests="5" skipped="0" failures="0" errors="0" timestamp="2020-03-26T19:18:01" hostname="Besta-Do-Trabalho" time="0.01">
  <properties/>
  <testcase name="stringReplacer" classname="com.camoes.designpatterns.CommandPatternTests" time="0.004"/>
  <testcase name="stringDrink" classname="com.camoes.designpatterns.CommandPatternTests" time="0.0"/>
  <testcase name="stringInverter" classname="com.camoes.designpatterns.CommandPatternTests" time="0.001"/>
  <testcase name="stringRecipe" classname="com.camoes.designpatterns.CommandPatternTests" time="0.002"/>
  <testcase name="stringCaseChanger" classname="com.camoes.designpatterns.CommandPatternTests" time="0.001"/>
  <system-out><![CDATA[]]></system-out>
  <system-err><![CDATA[]]></system-err>
</testsuite>
