<?xml version="1.0" encoding="UTF-8"?>
<testsuite name="com.camoes.designpatterns.ObserverPatternTests" tests="3" skipped="0" failures="0" errors="0" timestamp="2020-03-26T19:18:01" hostname="Besta-Do-Trabalho" time="0.745">
  <properties/>
  <testcase name="happyHour" classname="com.camoes.designpatterns.ObserverPatternTests" time="0.0"/>
  <testcase name="removeObserver" classname="com.camoes.designpatterns.ObserverPatternTests" time="0.737"/>
  <testcase name="addObserver" classname="com.camoes.designpatterns.ObserverPatternTests" time="0.008"/>
  <system-out><![CDATA[]]></system-out>
  <system-err><![CDATA[]]></system-err>
</testsuite>
