<?xml version="1.0" encoding="UTF-8"?>
<testsuite name="com.camoes.designpatterns.CompositePatternTests" tests="2" skipped="0" failures="0" errors="0" timestamp="2020-03-26T19:18:01" hostname="Besta-Do-Trabalho" time="0.001">
  <properties/>
  <testcase name="transformerGroup" classname="com.camoes.designpatterns.CompositePatternTests" time="0.001"/>
  <testcase name="transformerComposite" classname="com.camoes.designpatterns.CompositePatternTests" time="0.0"/>
  <system-out><![CDATA[]]></system-out>
  <system-err><![CDATA[]]></system-err>
</testsuite>
